[10-Sep-2018 22:16:34 UTC] PHP Parse error:  syntax error, unexpected '{', expecting '(' in /home/ubuntu/workspace/cst336/Labs/777/777/index.php on line 20
[10-Sep-2018 22:17:47 UTC] PHP Parse error:  syntax error, unexpected '{', expecting '(' in /home/ubuntu/workspace/cst336/Labs/777/777/index.php on line 20
[10-Sep-2018 22:19:04 UTC] PHP Parse error:  syntax error, unexpected '{', expecting '(' in /home/ubuntu/workspace/cst336/Labs/777/777/index.php on line 19
[10-Sep-2018 22:26:14 UTC] PHP Warning:  Missing argument 2 for displaySymbol(), called in /home/ubuntu/workspace/cst336/Labs/777/777/index.php on line 31 and defined in /home/ubuntu/workspace/cst336/Labs/777/777/index.php on line 13
[10-Sep-2018 22:26:14 UTC] PHP Stack trace:
[10-Sep-2018 22:26:14 UTC] PHP   1. {main}() /home/ubuntu/workspace/cst336/Labs/777/777/index.php:0
[10-Sep-2018 22:26:14 UTC] PHP   2. displaySymbol() /home/ubuntu/workspace/cst336/Labs/777/777/index.php:31
[10-Sep-2018 22:26:14 UTC] PHP Warning:  Missing argument 3 for displaySymbol(), called in /home/ubuntu/workspace/cst336/Labs/777/777/index.php on line 31 and defined in /home/ubuntu/workspace/cst336/Labs/777/777/index.php on line 13
[10-Sep-2018 22:26:14 UTC] PHP Stack trace:
[10-Sep-2018 22:26:14 UTC] PHP   1. {main}() /home/ubuntu/workspace/cst336/Labs/777/777/index.php:0
[10-Sep-2018 22:26:14 UTC] PHP   2. displaySymbol() /home/ubuntu/workspace/cst336/Labs/777/777/index.php:31
[10-Sep-2018 22:26:14 UTC] PHP Warning:  Missing argument 2 for displaySymbol(), called in /home/ubuntu/workspace/cst336/Labs/777/777/index.php on line 32 and defined in /home/ubuntu/workspace/cst336/Labs/777/777/index.php on line 13
[10-Sep-2018 22:26:14 UTC] PHP Stack trace:
[10-Sep-2018 22:26:14 UTC] PHP   1. {main}() /home/ubuntu/workspace/cst336/Labs/777/777/index.php:0
[10-Sep-2018 22:26:14 UTC] PHP   2. displaySymbol() /home/ubuntu/workspace/cst336/Labs/777/777/index.php:32
[10-Sep-2018 22:26:14 UTC] PHP Warning:  Missing argument 3 for displaySymbol(), called in /home/ubuntu/workspace/cst336/Labs/777/777/index.php on line 32 and defined in /home/ubuntu/workspace/cst336/Labs/777/777/index.php on line 13
[10-Sep-2018 22:26:14 UTC] PHP Stack trace:
[10-Sep-2018 22:26:14 UTC] PHP   1. {main}() /home/ubuntu/workspace/cst336/Labs/777/777/index.php:0
[10-Sep-2018 22:26:14 UTC] PHP   2. displaySymbol() /home/ubuntu/workspace/cst336/Labs/777/777/index.php:32
[10-Sep-2018 22:26:14 UTC] PHP Warning:  Missing argument 2 for displaySymbol(), called in /home/ubuntu/workspace/cst336/Labs/777/777/index.php on line 33 and defined in /home/ubuntu/workspace/cst336/Labs/777/777/index.php on line 13
[10-Sep-2018 22:26:14 UTC] PHP Stack trace:
[10-Sep-2018 22:26:14 UTC] PHP   1. {main}() /home/ubuntu/workspace/cst336/Labs/777/777/index.php:0
[10-Sep-2018 22:26:14 UTC] PHP   2. displaySymbol() /home/ubuntu/workspace/cst336/Labs/777/777/index.php:33
[10-Sep-2018 22:26:14 UTC] PHP Warning:  Missing argument 3 for displaySymbol(), called in /home/ubuntu/workspace/cst336/Labs/777/777/index.php on line 33 and defined in /home/ubuntu/workspace/cst336/Labs/777/777/index.php on line 13
[10-Sep-2018 22:26:14 UTC] PHP Stack trace:
[10-Sep-2018 22:26:14 UTC] PHP   1. {main}() /home/ubuntu/workspace/cst336/Labs/777/777/index.php:0
[10-Sep-2018 22:26:14 UTC] PHP   2. displaySymbol() /home/ubuntu/workspace/cst336/Labs/777/777/index.php:33
[10-Sep-2018 22:36:13 UTC] PHP Parse error:  syntax error, unexpected '(', expecting ')' in /home/ubuntu/workspace/cst336/Labs/777/777/index.php on line 14
[10-Sep-2018 22:39:58 UTC] PHP Warning:  Missing argument 1 for displaySymbol(), called in /home/ubuntu/workspace/cst336/Labs/777/777/index.php on line 33 and defined in /home/ubuntu/workspace/cst336/Labs/777/777/index.php on line 14
[10-Sep-2018 22:39:58 UTC] PHP Stack trace:
[10-Sep-2018 22:39:58 UTC] PHP   1. {main}() /home/ubuntu/workspace/cst336/Labs/777/777/index.php:0
[10-Sep-2018 22:39:58 UTC] PHP   2. displaySymbol() /home/ubuntu/workspace/cst336/Labs/777/777/index.php:33
[10-Sep-2018 22:39:58 UTC] PHP Warning:  Missing argument 1 for displaySymbol(), called in /home/ubuntu/workspace/cst336/Labs/777/777/index.php on line 34 and defined in /home/ubuntu/workspace/cst336/Labs/777/777/index.php on line 14
[10-Sep-2018 22:39:58 UTC] PHP Stack trace:
[10-Sep-2018 22:39:58 UTC] PHP   1. {main}() /home/ubuntu/workspace/cst336/Labs/777/777/index.php:0
[10-Sep-2018 22:39:58 UTC] PHP   2. displaySymbol() /home/ubuntu/workspace/cst336/Labs/777/777/index.php:34
[10-Sep-2018 22:39:58 UTC] PHP Warning:  Missing argument 1 for displaySymbol(), called in /home/ubuntu/workspace/cst336/Labs/777/777/index.php on line 35 and defined in /home/ubuntu/workspace/cst336/Labs/777/777/index.php on line 14
[10-Sep-2018 22:39:58 UTC] PHP Stack trace:
[10-Sep-2018 22:39:58 UTC] PHP   1. {main}() /home/ubuntu/workspace/cst336/Labs/777/777/index.php:0
[10-Sep-2018 22:39:58 UTC] PHP   2. displaySymbol() /home/ubuntu/workspace/cst336/Labs/777/777/index.php:35
