[21-Sep-2018 23:25:28 UTC] PHP Fatal error:  Call to undefined function initiate() in /home/ubuntu/workspace/cst336/hw/hw2/index.php on line 16
[21-Sep-2018 23:25:28 UTC] PHP Stack trace:
[21-Sep-2018 23:25:28 UTC] PHP   1. {main}() /home/ubuntu/workspace/cst336/hw/hw2/index.php:0
[21-Sep-2018 23:25:51 UTC] PHP Fatal error:  Call to undefined function initiate() in /home/ubuntu/workspace/cst336/hw/hw2/index.php on line 16
[21-Sep-2018 23:25:51 UTC] PHP Stack trace:
[21-Sep-2018 23:25:51 UTC] PHP   1. {main}() /home/ubuntu/workspace/cst336/hw/hw2/index.php:0
[21-Sep-2018 23:25:53 UTC] PHP Fatal error:  Call to undefined function initiate() in /home/ubuntu/workspace/cst336/hw/hw2/index.php on line 16
[21-Sep-2018 23:25:53 UTC] PHP Stack trace:
[21-Sep-2018 23:25:53 UTC] PHP   1. {main}() /home/ubuntu/workspace/cst336/hw/hw2/index.php:0
[21-Sep-2018 23:29:24 UTC] PHP Fatal error:  Call to undefined function initiate() in /home/ubuntu/workspace/cst336/hw/hw2/index.php on line 16
[21-Sep-2018 23:29:24 UTC] PHP Stack trace:
[21-Sep-2018 23:29:24 UTC] PHP   1. {main}() /home/ubuntu/workspace/cst336/hw/hw2/index.php:0
[21-Sep-2018 23:30:02 UTC] PHP Fatal error:  Call to undefined function initiate() in /home/ubuntu/workspace/cst336/hw/hw2/index.php on line 16
[21-Sep-2018 23:30:02 UTC] PHP Stack trace:
[21-Sep-2018 23:30:02 UTC] PHP   1. {main}() /home/ubuntu/workspace/cst336/hw/hw2/index.php:0
[21-Sep-2018 23:30:03 UTC] PHP Fatal error:  Call to undefined function initiate() in /home/ubuntu/workspace/cst336/hw/hw2/index.php on line 16
[21-Sep-2018 23:30:03 UTC] PHP Stack trace:
[21-Sep-2018 23:30:03 UTC] PHP   1. {main}() /home/ubuntu/workspace/cst336/hw/hw2/index.php:0
[21-Sep-2018 23:31:16 UTC] PHP Parse error:  syntax error, unexpected ',' in /home/ubuntu/workspace/cst336/hw/hw2/inc/functions.php on line 4
[21-Sep-2018 23:31:16 UTC] PHP Stack trace:
[21-Sep-2018 23:31:16 UTC] PHP   1. {main}() /home/ubuntu/workspace/cst336/hw/hw2/index.php:0
[22-Sep-2018 01:18:27 UTC] PHP Parse error:  syntax error, unexpected 'echo' (T_ECHO), expecting ',' or ';' in /home/ubuntu/workspace/cst336/hw/hw2/inc/functions.php on line 35
[22-Sep-2018 01:18:27 UTC] PHP Stack trace:
[22-Sep-2018 01:18:27 UTC] PHP   1. {main}() /home/ubuntu/workspace/cst336/hw/hw2/index.php:0
[22-Sep-2018 01:26:34 UTC] PHP Parse error:  syntax error, unexpected 'echo' (T_ECHO), expecting ',' or ';' in /home/ubuntu/workspace/cst336/hw/hw2/inc/functions.php on line 35
[22-Sep-2018 01:26:34 UTC] PHP Stack trace:
[22-Sep-2018 01:26:34 UTC] PHP   1. {main}() /home/ubuntu/workspace/cst336/hw/hw2/index.php:0
[22-Sep-2018 05:27:33 UTC] PHP Fatal error:  Call to undefined function pushArray() in /home/ubuntu/workspace/cst336/hw/hw2/inc/functions.php on line 67
[22-Sep-2018 05:27:33 UTC] PHP Stack trace:
[22-Sep-2018 05:27:33 UTC] PHP   1. {main}() /home/ubuntu/workspace/cst336/hw/hw2/index.php:0
[22-Sep-2018 05:27:33 UTC] PHP   2. initiate() /home/ubuntu/workspace/cst336/hw/hw2/index.php:19
[22-Sep-2018 05:27:38 UTC] PHP Fatal error:  Call to undefined function pushArray() in /home/ubuntu/workspace/cst336/hw/hw2/inc/functions.php on line 67
[22-Sep-2018 05:27:38 UTC] PHP Stack trace:
[22-Sep-2018 05:27:38 UTC] PHP   1. {main}() /home/ubuntu/workspace/cst336/hw/hw2/index.php:0
[22-Sep-2018 05:27:38 UTC] PHP   2. initiate() /home/ubuntu/workspace/cst336/hw/hw2/index.php:19
[22-Sep-2018 05:27:41 UTC] PHP Fatal error:  Call to undefined function pushArray() in /home/ubuntu/workspace/cst336/hw/hw2/inc/functions.php on line 67
[22-Sep-2018 05:27:41 UTC] PHP Stack trace:
[22-Sep-2018 05:27:41 UTC] PHP   1. {main}() /home/ubuntu/workspace/cst336/hw/hw2/index.php:0
[22-Sep-2018 05:27:41 UTC] PHP   2. initiate() /home/ubuntu/workspace/cst336/hw/hw2/index.php:19
[22-Sep-2018 05:27:44 UTC] PHP Fatal error:  Call to undefined function pushArray() in /home/ubuntu/workspace/cst336/hw/hw2/inc/functions.php on line 67
[22-Sep-2018 05:27:44 UTC] PHP Stack trace:
[22-Sep-2018 05:27:44 UTC] PHP   1. {main}() /home/ubuntu/workspace/cst336/hw/hw2/index.php:0
[22-Sep-2018 05:27:44 UTC] PHP   2. initiate() /home/ubuntu/workspace/cst336/hw/hw2/index.php:19
[22-Sep-2018 05:27:45 UTC] PHP Fatal error:  Call to undefined function pushArray() in /home/ubuntu/workspace/cst336/hw/hw2/inc/functions.php on line 67
[22-Sep-2018 05:27:45 UTC] PHP Stack trace:
[22-Sep-2018 05:27:45 UTC] PHP   1. {main}() /home/ubuntu/workspace/cst336/hw/hw2/index.php:0
[22-Sep-2018 05:27:45 UTC] PHP   2. initiate() /home/ubuntu/workspace/cst336/hw/hw2/index.php:19
[22-Sep-2018 06:23:55 UTC] PHP Parse error:  syntax error, unexpected 'echo' (T_ECHO), expecting ',' or ';' in /home/ubuntu/workspace/cst336/hw/hw2/inc/functions.php on line 36
[22-Sep-2018 06:23:55 UTC] PHP Stack trace:
[22-Sep-2018 06:23:55 UTC] PHP   1. {main}() /home/ubuntu/workspace/cst336/hw/hw2/index.php:0
[22-Sep-2018 06:31:06 UTC] PHP Parse error:  syntax error, unexpected 'while' (T_WHILE) in /home/ubuntu/workspace/cst336/hw/hw2/inc/functions.php on line 37
[22-Sep-2018 06:31:06 UTC] PHP Stack trace:
[22-Sep-2018 06:31:06 UTC] PHP   1. {main}() /home/ubuntu/workspace/cst336/hw/hw2/index.php:0
[22-Sep-2018 06:31:24 UTC] PHP Parse error:  syntax error, unexpected 'while' (T_WHILE) in /home/ubuntu/workspace/cst336/hw/hw2/inc/functions.php on line 37
[22-Sep-2018 06:31:24 UTC] PHP Stack trace:
[22-Sep-2018 06:31:24 UTC] PHP   1. {main}() /home/ubuntu/workspace/cst336/hw/hw2/index.php:0
[22-Sep-2018 06:31:27 UTC] PHP Parse error:  syntax error, unexpected 'while' (T_WHILE) in /home/ubuntu/workspace/cst336/hw/hw2/inc/functions.php on line 37
[22-Sep-2018 06:31:27 UTC] PHP Stack trace:
[22-Sep-2018 06:31:27 UTC] PHP   1. {main}() /home/ubuntu/workspace/cst336/hw/hw2/index.php:0
[22-Sep-2018 06:32:06 UTC] PHP Parse error:  syntax error, unexpected 'while' (T_WHILE) in /home/ubuntu/workspace/cst336/hw/hw2/inc/functions.php on line 37
[22-Sep-2018 06:32:06 UTC] PHP Stack trace:
[22-Sep-2018 06:32:06 UTC] PHP   1. {main}() /home/ubuntu/workspace/cst336/hw/hw2/index.php:0
[22-Sep-2018 20:47:37 UTC] PHP Parse error:  syntax error, unexpected 'echo' (T_ECHO), expecting ',' or ';' in /home/ubuntu/workspace/cst336/hw/hw2/inc/functions.php on line 40
[22-Sep-2018 20:47:37 UTC] PHP Stack trace:
[22-Sep-2018 20:47:37 UTC] PHP   1. {main}() /home/ubuntu/workspace/cst336/hw/hw2/index.php:0
[22-Sep-2018 21:43:21 UTC] PHP Warning:  Missing argument 2 for caclculateBonusMagics(), called in /home/ubuntu/workspace/cst336/hw/hw2/inc/functions.php on line 41 and defined in /home/ubuntu/workspace/cst336/hw/hw2/inc/functions.php on line 70
[22-Sep-2018 21:43:21 UTC] PHP Stack trace:
[22-Sep-2018 21:43:21 UTC] PHP   1. {main}() /home/ubuntu/workspace/cst336/hw/hw2/index.php:0
[22-Sep-2018 21:43:21 UTC] PHP   2. initiate() /home/ubuntu/workspace/cst336/hw/hw2/index.php:19
[22-Sep-2018 21:43:21 UTC] PHP   3. displayFlower() /home/ubuntu/workspace/cst336/hw/hw2/inc/functions.php:98
[22-Sep-2018 21:43:21 UTC] PHP   4. caclculateBonusMagics() /home/ubuntu/workspace/cst336/hw/hw2/inc/functions.php:41
[22-Sep-2018 21:47:31 UTC] PHP Parse error:  syntax error, unexpected 'echo' (T_ECHO), expecting ',' or ';' in /home/ubuntu/workspace/cst336/hw/hw2/inc/functions.php on line 89
[22-Sep-2018 21:47:31 UTC] PHP Stack trace:
[22-Sep-2018 21:47:31 UTC] PHP   1. {main}() /home/ubuntu/workspace/cst336/hw/hw2/index.php:0
