[10-Sep-2018 22:16:34 UTC] PHP Parse error:  syntax error, unexpected '{', expecting '(' in /home/ubuntu/workspace/cst336/Labs/777/777/index.php on line 20
[10-Sep-2018 22:17:47 UTC] PHP Parse error:  syntax error, unexpected '{', expecting '(' in /home/ubuntu/workspace/cst336/Labs/777/777/index.php on line 20
[10-Sep-2018 22:19:04 UTC] PHP Parse error:  syntax error, unexpected '{', expecting '(' in /home/ubuntu/workspace/cst336/Labs/777/777/index.php on line 19
[10-Sep-2018 22:26:14 UTC] PHP Warning:  Missing argument 2 for displaySymbol(), called in /home/ubuntu/workspace/cst336/Labs/777/777/index.php on line 31 and defined in /home/ubuntu/workspace/cst336/Labs/777/777/index.php on line 13
[10-Sep-2018 22:26:14 UTC] PHP Stack trace:
[10-Sep-2018 22:26:14 UTC] PHP   1. {main}() /home/ubuntu/workspace/cst336/Labs/777/777/index.php:0
[10-Sep-2018 22:26:14 UTC] PHP   2. displaySymbol() /home/ubuntu/workspace/cst336/Labs/777/777/index.php:31
[10-Sep-2018 22:26:14 UTC] PHP Warning:  Missing argument 3 for displaySymbol(), called in /home/ubuntu/workspace/cst336/Labs/777/777/index.php on line 31 and defined in /home/ubuntu/workspace/cst336/Labs/777/777/index.php on line 13
[10-Sep-2018 22:26:14 UTC] PHP Stack trace:
[10-Sep-2018 22:26:14 UTC] PHP   1. {main}() /home/ubuntu/workspace/cst336/Labs/777/777/index.php:0
[10-Sep-2018 22:26:14 UTC] PHP   2. displaySymbol() /home/ubuntu/workspace/cst336/Labs/777/777/index.php:31
[10-Sep-2018 22:26:14 UTC] PHP Warning:  Missing argument 2 for displaySymbol(), called in /home/ubuntu/workspace/cst336/Labs/777/777/index.php on line 32 and defined in /home/ubuntu/workspace/cst336/Labs/777/777/index.php on line 13
[10-Sep-2018 22:26:14 UTC] PHP Stack trace:
[10-Sep-2018 22:26:14 UTC] PHP   1. {main}() /home/ubuntu/workspace/cst336/Labs/777/777/index.php:0
[10-Sep-2018 22:26:14 UTC] PHP   2. displaySymbol() /home/ubuntu/workspace/cst336/Labs/777/777/index.php:32
[10-Sep-2018 22:26:14 UTC] PHP Warning:  Missing argument 3 for displaySymbol(), called in /home/ubuntu/workspace/cst336/Labs/777/777/index.php on line 32 and defined in /home/ubuntu/workspace/cst336/Labs/777/777/index.php on line 13
[10-Sep-2018 22:26:14 UTC] PHP Stack trace:
[10-Sep-2018 22:26:14 UTC] PHP   1. {main}() /home/ubuntu/workspace/cst336/Labs/777/777/index.php:0
[10-Sep-2018 22:26:14 UTC] PHP   2. displaySymbol() /home/ubuntu/workspace/cst336/Labs/777/777/index.php:32
[10-Sep-2018 22:26:14 UTC] PHP Warning:  Missing argument 2 for displaySymbol(), called in /home/ubuntu/workspace/cst336/Labs/777/777/index.php on line 33 and defined in /home/ubuntu/workspace/cst336/Labs/777/777/index.php on line 13
[10-Sep-2018 22:26:14 UTC] PHP Stack trace:
[10-Sep-2018 22:26:14 UTC] PHP   1. {main}() /home/ubuntu/workspace/cst336/Labs/777/777/index.php:0
[10-Sep-2018 22:26:14 UTC] PHP   2. displaySymbol() /home/ubuntu/workspace/cst336/Labs/777/777/index.php:33
[10-Sep-2018 22:26:14 UTC] PHP Warning:  Missing argument 3 for displaySymbol(), called in /home/ubuntu/workspace/cst336/Labs/777/777/index.php on line 33 and defined in /home/ubuntu/workspace/cst336/Labs/777/777/index.php on line 13
[10-Sep-2018 22:26:14 UTC] PHP Stack trace:
[10-Sep-2018 22:26:14 UTC] PHP   1. {main}() /home/ubuntu/workspace/cst336/Labs/777/777/index.php:0
[10-Sep-2018 22:26:14 UTC] PHP   2. displaySymbol() /home/ubuntu/workspace/cst336/Labs/777/777/index.php:33
[10-Sep-2018 22:36:13 UTC] PHP Parse error:  syntax error, unexpected '(', expecting ')' in /home/ubuntu/workspace/cst336/Labs/777/777/index.php on line 14
[10-Sep-2018 22:39:58 UTC] PHP Warning:  Missing argument 1 for displaySymbol(), called in /home/ubuntu/workspace/cst336/Labs/777/777/index.php on line 33 and defined in /home/ubuntu/workspace/cst336/Labs/777/777/index.php on line 14
[10-Sep-2018 22:39:58 UTC] PHP Stack trace:
[10-Sep-2018 22:39:58 UTC] PHP   1. {main}() /home/ubuntu/workspace/cst336/Labs/777/777/index.php:0
[10-Sep-2018 22:39:58 UTC] PHP   2. displaySymbol() /home/ubuntu/workspace/cst336/Labs/777/777/index.php:33
[10-Sep-2018 22:39:58 UTC] PHP Warning:  Missing argument 1 for displaySymbol(), called in /home/ubuntu/workspace/cst336/Labs/777/777/index.php on line 34 and defined in /home/ubuntu/workspace/cst336/Labs/777/777/index.php on line 14
[10-Sep-2018 22:39:58 UTC] PHP Stack trace:
[10-Sep-2018 22:39:58 UTC] PHP   1. {main}() /home/ubuntu/workspace/cst336/Labs/777/777/index.php:0
[10-Sep-2018 22:39:58 UTC] PHP   2. displaySymbol() /home/ubuntu/workspace/cst336/Labs/777/777/index.php:34
[10-Sep-2018 22:39:58 UTC] PHP Warning:  Missing argument 1 for displaySymbol(), called in /home/ubuntu/workspace/cst336/Labs/777/777/index.php on line 35 and defined in /home/ubuntu/workspace/cst336/Labs/777/777/index.php on line 14
[10-Sep-2018 22:39:58 UTC] PHP Stack trace:
[10-Sep-2018 22:39:58 UTC] PHP   1. {main}() /home/ubuntu/workspace/cst336/Labs/777/777/index.php:0
[10-Sep-2018 22:39:58 UTC] PHP   2. displaySymbol() /home/ubuntu/workspace/cst336/Labs/777/777/index.php:35
[21-Sep-2018 08:12:40 UTC] PHP Parse error:  syntax error, unexpected '++' (T_INC), expecting ')' in /home/ubuntu/workspace/cst336/Labs/Lab_2/777/index.php on line 45
[21-Sep-2018 08:42:43 UTC] PHP Parse error:  syntax error, unexpected '"' width='70px' />"' (T_CONSTANT_ENCAPSED_STRING), expecting ',' or ';' in /home/ubuntu/workspace/cst336/Labs/Lab_2/777/index.php on line 45
[21-Sep-2018 08:52:51 UTC] PHP Parse error:  syntax error, unexpected '"' width='70px'>;"' (T_CONSTANT_ENCAPSED_STRING), expecting ',' or ';' in /home/ubuntu/workspace/cst336/Labs/Lab_2/777/index.php on line 45
[21-Sep-2018 09:37:01 UTC] PHP Fatal error:  Call to undefined function displayPoints() in /home/ubuntu/workspace/cst336/Labs/Lab_2/777/index.php on line 74
[21-Sep-2018 09:37:01 UTC] PHP Stack trace:
[21-Sep-2018 09:37:01 UTC] PHP   1. {main}() /home/ubuntu/workspace/cst336/Labs/Lab_2/777/index.php:0
[21-Sep-2018 10:01:06 UTC] PHP Fatal error:  Call to undefined function displaySymbol() in /home/ubuntu/workspace/cst336/Labs/Lab_2/777/index.php on line 22
[21-Sep-2018 10:01:06 UTC] PHP Stack trace:
[21-Sep-2018 10:01:06 UTC] PHP   1. {main}() /home/ubuntu/workspace/cst336/Labs/Lab_2/777/index.php:0
[21-Sep-2018 10:03:09 UTC] PHP Fatal error:  Call to undefined function displaySymbol() in /home/ubuntu/workspace/cst336/Labs/Lab_2/777/index.php on line 23
[21-Sep-2018 10:03:09 UTC] PHP Stack trace:
[21-Sep-2018 10:03:09 UTC] PHP   1. {main}() /home/ubuntu/workspace/cst336/Labs/Lab_2/777/index.php:0
[21-Sep-2018 11:00:33 UTC] PHP Warning:  Missing argument 2 for displaySymbol(), called in /home/ubuntu/workspace/cst336/Labs/Lab_2/777/inc/functions.php on line 66 and defined in /home/ubuntu/workspace/cst336/Labs/Lab_2/777/inc/functions.php on line 20
[21-Sep-2018 11:00:33 UTC] PHP Stack trace:
[21-Sep-2018 11:00:33 UTC] PHP   1. {main}() /home/ubuntu/workspace/cst336/Labs/Lab_2/777/index.php:0
[21-Sep-2018 11:00:33 UTC] PHP   2. play() /home/ubuntu/workspace/cst336/Labs/Lab_2/777/index.php:17
[21-Sep-2018 11:00:33 UTC] PHP   3. displaySymbol() /home/ubuntu/workspace/cst336/Labs/Lab_2/777/inc/functions.php:66
[21-Sep-2018 11:00:33 UTC] PHP Warning:  Missing argument 2 for displaySymbol(), called in /home/ubuntu/workspace/cst336/Labs/Lab_2/777/inc/functions.php on line 66 and defined in /home/ubuntu/workspace/cst336/Labs/Lab_2/777/inc/functions.php on line 20
[21-Sep-2018 11:00:33 UTC] PHP Stack trace:
[21-Sep-2018 11:00:33 UTC] PHP   1. {main}() /home/ubuntu/workspace/cst336/Labs/Lab_2/777/index.php:0
[21-Sep-2018 11:00:33 UTC] PHP   2. play() /home/ubuntu/workspace/cst336/Labs/Lab_2/777/index.php:17
[21-Sep-2018 11:00:33 UTC] PHP   3. displaySymbol() /home/ubuntu/workspace/cst336/Labs/Lab_2/777/inc/functions.php:66
[21-Sep-2018 11:00:33 UTC] PHP Warning:  Missing argument 2 for displaySymbol(), called in /home/ubuntu/workspace/cst336/Labs/Lab_2/777/inc/functions.php on line 66 and defined in /home/ubuntu/workspace/cst336/Labs/Lab_2/777/inc/functions.php on line 20
[21-Sep-2018 11:00:33 UTC] PHP Stack trace:
[21-Sep-2018 11:00:33 UTC] PHP   1. {main}() /home/ubuntu/workspace/cst336/Labs/Lab_2/777/index.php:0
[21-Sep-2018 11:00:33 UTC] PHP   2. play() /home/ubuntu/workspace/cst336/Labs/Lab_2/777/index.php:17
[21-Sep-2018 11:00:33 UTC] PHP   3. displaySymbol() /home/ubuntu/workspace/cst336/Labs/Lab_2/777/inc/functions.php:66
[21-Sep-2018 11:37:27 UTC] PHP Warning:  Missing argument 2 for displaySymbol(), called in /home/ubuntu/workspace/cst336/Labs/Lab_2/777/inc/functions.php on line 66 and defined in /home/ubuntu/workspace/cst336/Labs/Lab_2/777/inc/functions.php on line 20
[21-Sep-2018 11:37:27 UTC] PHP Stack trace:
[21-Sep-2018 11:37:27 UTC] PHP   1. {main}() /home/ubuntu/workspace/cst336/Labs/Lab_2/777/index.php:0
[21-Sep-2018 11:37:27 UTC] PHP   2. play() /home/ubuntu/workspace/cst336/Labs/Lab_2/777/index.php:18
[21-Sep-2018 11:37:27 UTC] PHP   3. displaySymbol() /home/ubuntu/workspace/cst336/Labs/Lab_2/777/inc/functions.php:66
[21-Sep-2018 11:37:27 UTC] PHP Warning:  Missing argument 2 for displaySymbol(), called in /home/ubuntu/workspace/cst336/Labs/Lab_2/777/inc/functions.php on line 66 and defined in /home/ubuntu/workspace/cst336/Labs/Lab_2/777/inc/functions.php on line 20
[21-Sep-2018 11:37:27 UTC] PHP Stack trace:
[21-Sep-2018 11:37:27 UTC] PHP   1. {main}() /home/ubuntu/workspace/cst336/Labs/Lab_2/777/index.php:0
[21-Sep-2018 11:37:27 UTC] PHP   2. play() /home/ubuntu/workspace/cst336/Labs/Lab_2/777/index.php:18
[21-Sep-2018 11:37:27 UTC] PHP   3. displaySymbol() /home/ubuntu/workspace/cst336/Labs/Lab_2/777/inc/functions.php:66
[21-Sep-2018 11:37:27 UTC] PHP Warning:  Missing argument 2 for displaySymbol(), called in /home/ubuntu/workspace/cst336/Labs/Lab_2/777/inc/functions.php on line 66 and defined in /home/ubuntu/workspace/cst336/Labs/Lab_2/777/inc/functions.php on line 20
[21-Sep-2018 11:37:27 UTC] PHP Stack trace:
[21-Sep-2018 11:37:27 UTC] PHP   1. {main}() /home/ubuntu/workspace/cst336/Labs/Lab_2/777/index.php:0
[21-Sep-2018 11:37:27 UTC] PHP   2. play() /home/ubuntu/workspace/cst336/Labs/Lab_2/777/index.php:18
[21-Sep-2018 11:37:27 UTC] PHP   3. displaySymbol() /home/ubuntu/workspace/cst336/Labs/Lab_2/777/inc/functions.php:66
[21-Sep-2018 11:45:07 UTC] PHP Parse error:  syntax error, unexpected ';' in /home/ubuntu/workspace/cst336/Labs/Lab_2/777/inc/functions.php on line 66
[21-Sep-2018 11:45:07 UTC] PHP Stack trace:
[21-Sep-2018 11:45:07 UTC] PHP   1. {main}() /home/ubuntu/workspace/cst336/Labs/Lab_2/777/index.php:0
[21-Sep-2018 11:47:45 UTC] PHP Parse error:  syntax error, unexpected 'echo' (T_ECHO), expecting ',' or ';' in /home/ubuntu/workspace/cst336/Labs/Lab_2/777/inc/functions.php on line 55
[21-Sep-2018 11:47:46 UTC] PHP Stack trace:
[21-Sep-2018 11:47:46 UTC] PHP   1. {main}() /home/ubuntu/workspace/cst336/Labs/Lab_2/777/index.php:0
